[INFO  - 2015-07-16T14:39:03.849Z] GhostDriver - Main - running on port 28278
[INFO  - 2015-07-16T14:39:04.400Z] Session [680f60c0-2bc8-11e5-b0b2-dba97c5ce270] - page.settings - {"XSSAuditingEnabled":false,"javascriptCanCloseWindows":true,"javascriptCanOpenWindows":true,"javascriptEnabled":true,"loadImages":true,"localToRemoteUrlAccessEnabled":false,"userAgent":"Mozilla/5.0 (Unknown; Linux x86_64) AppleWebKit/534.34 (KHTML, like Gecko) PhantomJS/1.9.7 Safari/534.34","webSecurityEnabled":true}
[INFO  - 2015-07-16T14:39:04.400Z] Session [680f60c0-2bc8-11e5-b0b2-dba97c5ce270] - page.customHeaders:  - {}
[INFO  - 2015-07-16T14:39:04.400Z] Session [680f60c0-2bc8-11e5-b0b2-dba97c5ce270] - Session.negotiatedCapabilities - {"browserName":"phantomjs","version":"1.9.7","driverName":"ghostdriver","driverVersion":"1.1.0","platform":"linux-unknown-64bit","javascriptEnabled":true,"takesScreenshot":true,"handlesAlerts":false,"databaseEnabled":false,"locationContextEnabled":false,"applicationCacheEnabled":false,"browserConnectionEnabled":false,"cssSelectorsEnabled":true,"webStorageEnabled":false,"rotatable":false,"acceptSslCerts":false,"nativeEvents":true,"proxy":{"proxyType":"direct"}}
[INFO  - 2015-07-16T14:39:04.400Z] SessionManagerReqHand - _postNewSessionCommand - New Session Created: 680f60c0-2bc8-11e5-b0b2-dba97c5ce270
[ERROR - 2015-07-16T14:39:04.954Z] Session [680f60c0-2bc8-11e5-b0b2-dba97c5ce270] - page.onError - msg: ReferenceError: Can't find variable: angular
[ERROR - 2015-07-16T14:39:04.954Z] Session [680f60c0-2bc8-11e5-b0b2-dba97c5ce270] - page.onError - stack:
  (anonymous function) (http://localhost:42380/src/app.js:1)
[ERROR - 2015-07-16T14:39:04.954Z] Session [680f60c0-2bc8-11e5-b0b2-dba97c5ce270] - page.onError - msg: ReferenceError: Can't find variable: angular
[ERROR - 2015-07-16T14:39:04.954Z] Session [680f60c0-2bc8-11e5-b0b2-dba97c5ce270] - page.onError - stack:
  (anonymous function) (http://localhost:42380/src/books/bookControllers.js:1)
[ERROR - 2015-07-16T14:39:04.955Z] Session [680f60c0-2bc8-11e5-b0b2-dba97c5ce270] - page.onError - msg: ReferenceError: Can't find variable: angular
[ERROR - 2015-07-16T14:39:04.955Z] Session [680f60c0-2bc8-11e5-b0b2-dba97c5ce270] - page.onError - stack:
  (anonymous function) (http://localhost:42380/src/books/bookFactories.js:1)
[ERROR - 2015-07-16T14:39:04.955Z] Session [680f60c0-2bc8-11e5-b0b2-dba97c5ce270] - page.onError - msg: ReferenceError: Can't find variable: angular
[ERROR - 2015-07-16T14:39:04.955Z] Session [680f60c0-2bc8-11e5-b0b2-dba97c5ce270] - page.onError - stack:
  (anonymous function) (http://localhost:42380/src/notes/noteControllers.js:1)
[ERROR - 2015-07-16T14:39:04.956Z] Session [680f60c0-2bc8-11e5-b0b2-dba97c5ce270] - page.onError - msg: ReferenceError: Can't find variable: angular
[ERROR - 2015-07-16T14:39:04.956Z] Session [680f60c0-2bc8-11e5-b0b2-dba97c5ce270] - page.onError - stack:
  (anonymous function) (http://localhost:42380/src/notes/noteServices.js:1)
[ERROR - 2015-07-16T14:39:04.956Z] Session [680f60c0-2bc8-11e5-b0b2-dba97c5ce270] - page.onError - msg: ReferenceError: Can't find variable: angular
[ERROR - 2015-07-16T14:39:04.956Z] Session [680f60c0-2bc8-11e5-b0b2-dba97c5ce270] - page.onError - stack:
  (anonymous function) (http://localhost:42380/src/profiles/profileControllers.js:1)
[ERROR - 2015-07-16T14:39:04.957Z] Session [680f60c0-2bc8-11e5-b0b2-dba97c5ce270] - page.onError - msg: ReferenceError: Can't find variable: angular
[ERROR - 2015-07-16T14:39:04.957Z] Session [680f60c0-2bc8-11e5-b0b2-dba97c5ce270] - page.onError - stack:
  (anonymous function) (http://localhost:42380/src/profiles/profileFactories.js:1)
[ERROR - 2015-07-16T14:39:04.957Z] Session [680f60c0-2bc8-11e5-b0b2-dba97c5ce270] - page.onError - msg: ReferenceError: Can't find variable: angular
[ERROR - 2015-07-16T14:39:04.957Z] Session [680f60c0-2bc8-11e5-b0b2-dba97c5ce270] - page.onError - stack:
  (anonymous function) (http://localhost:42380/src/readers/readerControllers.js:1)
[ERROR - 2015-07-16T14:39:04.957Z] Session [680f60c0-2bc8-11e5-b0b2-dba97c5ce270] - page.onError - msg: ReferenceError: Can't find variable: angular
[ERROR - 2015-07-16T14:39:04.957Z] Session [680f60c0-2bc8-11e5-b0b2-dba97c5ce270] - page.onError - stack:
  (anonymous function) (http://localhost:42380/src/readers/readerFactories.js:1)
[ERROR - 2015-07-16T14:39:04.958Z] Session [680f60c0-2bc8-11e5-b0b2-dba97c5ce270] - page.onError - msg: ReferenceError: Can't find variable: angular
[ERROR - 2015-07-16T14:39:04.958Z] Session [680f60c0-2bc8-11e5-b0b2-dba97c5ce270] - page.onError - stack:
  (anonymous function) (http://localhost:42380/src/sharedControllers.js:1)
[ERROR - 2015-07-16T14:39:04.958Z] Session [680f60c0-2bc8-11e5-b0b2-dba97c5ce270] - page.onError - msg: ReferenceError: Can't find variable: angular
[ERROR - 2015-07-16T14:39:04.958Z] Session [680f60c0-2bc8-11e5-b0b2-dba97c5ce270] - page.onError - stack:
  (anonymous function) (http://localhost:42380/src/sharedDirectives.js:1)
[ERROR - 2015-07-16T14:39:04.958Z] Session [680f60c0-2bc8-11e5-b0b2-dba97c5ce270] - page.onError - msg: ReferenceError: Can't find variable: angular
[ERROR - 2015-07-16T14:39:04.958Z] Session [680f60c0-2bc8-11e5-b0b2-dba97c5ce270] - page.onError - stack:
  (anonymous function) (http://localhost:42380/src/sharedServices.js:1)
[INFO  - 2015-07-16T14:44:03.884Z] SessionManagerReqHand - _cleanupWindowlessSessions - Asynchronous Sessions clean-up phase starting NOW
[INFO  - 2015-07-16T14:49:03.963Z] SessionManagerReqHand - _cleanupWindowlessSessions - Asynchronous Sessions clean-up phase starting NOW
[INFO  - 2015-07-16T14:54:04.042Z] SessionManagerReqHand - _cleanupWindowlessSessions - Asynchronous Sessions clean-up phase starting NOW
[INFO  - 2015-07-16T14:59:04.141Z] SessionManagerReqHand - _cleanupWindowlessSessions - Asynchronous Sessions clean-up phase starting NOW
[INFO  - 2015-07-16T15:04:04.234Z] SessionManagerReqHand - _cleanupWindowlessSessions - Asynchronous Sessions clean-up phase starting NOW
[INFO  - 2015-07-16T15:09:04.321Z] SessionManagerReqHand - _cleanupWindowlessSessions - Asynchronous Sessions clean-up phase starting NOW
[INFO  - 2015-07-16T15:14:04.410Z] SessionManagerReqHand - _cleanupWindowlessSessions - Asynchronous Sessions clean-up phase starting NOW
[INFO  - 2015-07-16T15:19:04.504Z] SessionManagerReqHand - _cleanupWindowlessSessions - Asynchronous Sessions clean-up phase starting NOW
[INFO  - 2015-07-16T15:24:04.593Z] SessionManagerReqHand - _cleanupWindowlessSessions - Asynchronous Sessions clean-up phase starting NOW
[INFO  - 2015-07-16T15:29:04.685Z] SessionManagerReqHand - _cleanupWindowlessSessions - Asynchronous Sessions clean-up phase starting NOW
[INFO  - 2015-07-16T15:34:04.782Z] SessionManagerReqHand - _cleanupWindowlessSessions - Asynchronous Sessions clean-up phase starting NOW
[INFO  - 2015-07-16T15:39:04.879Z] SessionManagerReqHand - _cleanupWindowlessSessions - Asynchronous Sessions clean-up phase starting NOW
[INFO  - 2015-07-16T15:44:04.978Z] SessionManagerReqHand - _cleanupWindowlessSessions - Asynchronous Sessions clean-up phase starting NOW
